<?xml version="1.0" encoding="UTF-8"?>
<coverage generated="1774899516556" clover="3.2.0">
  <project timestamp="1774899516556" name="All files">
    <metrics statements="7" coveredstatements="7" conditionals="4" coveredconditionals="4" methods="8" coveredmethods="8" elements="19" coveredelements="19" complexity="0" loc="7" ncloc="7" packages="1" files="1" classes="1"/>
    <file name="taskUtils.js" path="C:\Users\user\Desktop\6sem\task-tracker\frontend\src\utils\taskUtils.js">
      <metrics statements="7" coveredstatements="7" conditionals="4" coveredconditionals="4" methods="8" coveredmethods="8"/>
      <line num="2" count="3" type="cond" truecount="2" falsecount="0"/>
      <line num="3" count="3" type="cond" truecount="2" falsecount="0"/>
      <line num="4" count="1" type="stmt"/>
      <line num="8" count="3" type="stmt"/>
      <line num="10" count="9" type="stmt"/>
      <line num="11" count="9" type="stmt"/>
      <line num="16" count="6" type="stmt"/>
    </file>
  </project>
</coverage>
