{"C:\\Users\\user\\Desktop\\6sem\\task-tracker\\frontend\\src\\utils\\taskUtils.js": {"path":"C:\\Users\\user\\Desktop\\6sem\\task-tracker\\frontend\\src\\utils\\taskUtils.js","statementMap":{"0":{"start":{"line":2,"column":2},"end":{"line":2,"column":null}},"1":{"start":{"line":2,"column":27},"end":{"line":2,"column":null}},"2":{"start":{"line":2,"column":52},"end":{"line":2,"column":60}},"3":{"start":{"line":3,"column":2},"end":{"line":3,"column":null}},"4":{"start":{"line":3,"column":25},"end":{"line":3,"column":null}},"5":{"start":{"line":3,"column":50},"end":{"line":3,"column":57}},"6":{"start":{"line":4,"column":2},"end":{"line":4,"column":null}},"7":{"start":{"line":8,"column":2},"end":{"line":12,"column":null}},"8":{"start":{"line":10,"column":28},"end":{"line":10,"column":35}},"9":{"start":{"line":11,"column":30},"end":{"line":11,"column":38}},"10":{"start":{"line":16,"column":2},"end":{"line":16,"column":null}},"11":{"start":{"line":16,"column":35},"end":{"line":16,"column":47}}},"fnMap":{"0":{"name":"filterTasks","decl":{"start":{"line":1,"column":16},"end":{"line":1,"column":28}},"loc":{"start":{"line":1,"column":43},"end":{"line":4,"column":null}},"line":1},"1":{"name":"(anonymous_1)","decl":{"start":{"line":2,"column":40},"end":{"line":2,"column":47}},"loc":{"start":{"line":2,"column":52},"end":{"line":2,"column":60}},"line":2},"2":{"name":"(anonymous_2)","decl":{"start":{"line":3,"column":38},"end":{"line":3,"column":45}},"loc":{"start":{"line":3,"column":50},"end":{"line":3,"column":57}},"line":3},"3":{"name":"countTasks","decl":{"start":{"line":7,"column":16},"end":{"line":7,"column":27}},"loc":{"start":{"line":7,"column":34},"end":{"line":12,"column":null}},"line":7},"4":{"name":"(anonymous_4)","decl":{"start":{"line":10,"column":16},"end":{"line":10,"column":23}},"loc":{"start":{"line":10,"column":28},"end":{"line":10,"column":35}},"line":10},"5":{"name":"(anonymous_5)","decl":{"start":{"line":11,"column":18},"end":{"line":11,"column":25}},"loc":{"start":{"line":11,"column":30},"end":{"line":11,"column":38}},"line":11},"6":{"name":"sortTasksById","decl":{"start":{"line":15,"column":16},"end":{"line":15,"column":30}},"loc":{"start":{"line":15,"column":37},"end":{"line":16,"column":null}},"line":15},"7":{"name":"(anonymous_7)","decl":{"start":{"line":16,"column":20},"end":{"line":16,"column":26}},"loc":{"start":{"line":16,"column":35},"end":{"line":16,"column":47}},"line":16}},"branchMap":{"0":{"loc":{"start":{"line":2,"column":2},"end":{"line":2,"column":null}},"type":"if","locations":[{"start":{"line":2,"column":2},"end":{"line":2,"column":null}},{"start":{},"end":{}}],"line":2},"1":{"loc":{"start":{"line":3,"column":2},"end":{"line":3,"column":null}},"type":"if","locations":[{"start":{"line":3,"column":2},"end":{"line":3,"column":null}},{"start":{},"end":{}}],"line":3}},"s":{"0":3,"1":1,"2":3,"3":2,"4":2,"5":3,"6":1,"7":3,"8":9,"9":9,"10":2,"11":6},"f":{"0":3,"1":3,"2":3,"3":3,"4":9,"5":9,"6":2,"7":6},"b":{"0":[1,2],"1":[1,1]},"meta":{"lastBranch":2,"lastFunction":8,"lastStatement":12,"seen":{"f:1:16:1:28":0,"b:2:2:2:Infinity:undefined:undefined:undefined:undefined":0,"s:2:2:2:Infinity":0,"s:2:27:2:Infinity":1,"f:2:40:2:47":1,"s:2:52:2:60":2,"b:3:2:3:Infinity:undefined:undefined:undefined:undefined":1,"s:3:2:3:Infinity":3,"s:3:25:3:Infinity":4,"f:3:38:3:45":2,"s:3:50:3:57":5,"s:4:2:4:Infinity":6,"f:7:16:7:27":3,"s:8:2:12:Infinity":7,"f:10:16:10:23":4,"s:10:28:10:35":8,"f:11:18:11:25":5,"s:11:30:11:38":9,"f:15:16:15:30":6,"s:16:2:16:Infinity":10,"f:16:20:16:26":7,"s:16:35:16:47":11}}}
}
