TN:
SF:src\app.js
FN:10,(anonymous_0)
FNF:1
FNH:1
FNDA:2,(anonymous_0)
DA:5,1
DA:7,1
DA:8,1
DA:10,1
DA:11,2
DA:17,1
LF:6
LH:6
BRF:0
BRH:0
end_of_record
TN:
SF:src\controllers\task.controller.js
FN:8,getTasks
FN:12,createTask
FN:23,toggleTask
FN:33,deleteTask
FNF:4
FNH:2
FNDA:2,getTasks
FNDA:2,createTask
FNDA:0,toggleTask
FNDA:0,deleteTask
DA:9,2
DA:13,2
DA:15,2
DA:16,1
DA:19,1
DA:20,1
DA:24,0
DA:26,0
DA:27,0
DA:30,0
DA:34,0
DA:36,0
DA:37,0
DA:40,0
LF:14
LH:6
BRDA:15,0,0,1
BRDA:15,0,1,1
BRDA:15,1,0,2
BRDA:15,1,1,1
BRDA:26,2,0,0
BRDA:26,2,1,0
BRDA:36,3,0,0
BRDA:36,3,1,0
BRF:8
BRH:4
end_of_record
TN:
SF:src\data\tasks.js
FNF:0
FNH:0
DA:1,1
LF:1
LH:1
BRF:0
BRH:0
end_of_record
TN:
SF:src\routes\task.routes.js
FNF:0
FNH:0
DA:9,1
DA:11,1
DA:12,1
DA:13,1
DA:14,1
LF:5
LH:5
BRF:0
BRH:0
end_of_record
TN:
SF:src\services\task.service.js
FN:3,getAllTasks
FN:7,addTask
FN:18,toggleTaskStatus
FN:19,(anonymous_3)
FN:27,removeTask
FN:28,(anonymous_5)
FNF:6
FNH:2
FNDA:2,getAllTasks
FNDA:1,addTask
FNDA:0,toggleTaskStatus
FNDA:0,(anonymous_3)
FNDA:0,removeTask
FNDA:0,(anonymous_5)
DA:4,2
DA:8,1
DA:14,1
DA:15,1
DA:19,0
DA:21,0
DA:23,0
DA:24,0
DA:28,0
DA:30,0
DA:32,0
DA:33,0
LF:12
LH:4
BRDA:21,0,0,0
BRDA:21,0,1,0
BRDA:30,1,0,0
BRDA:30,1,1,0
BRF:4
BRH:0
end_of_record
